Arguments: 
  C:\Program Files\nodejs\node.exe C:\Users\monic\AppData\Roaming\npm\node_modules\yarn\bin\yarn.js add @skynexui/components

PATH: 
  C:\Program Files\Common Files\Oracle\Java\javapath;C:\WINDOWS\system32;C:\WINDOWS;C:\WINDOWS\System32\Wbem;C:\WINDOWS\System32\WindowsPowerShell\v1.0\;C:\WINDOWS\System32\OpenSSH\;C:\Program Files (x86)\GtkSharp\2.12\bin;C:\Program Files\Git\cmd;C:\Program Files\nodejs\;C:\Program Files\Docker\Docker\resources\bin;C:\ProgramData\DockerDesktop\version-bin;C:\Users\monic\AppData\Local\Microsoft\WindowsApps;;C:\Users\monic\AppData\Local\Programs\Microsoft VS Code\bin;C:\Users\monic\AppData\Roaming\npm

Yarn version: 
  1.22.11

Node version: 
  16.13.1

Platform: 
  win32 x64

Trace: 
  Error: connect EHOSTUNREACH 104.16.21.35:443
      at TCPConnectWrap.afterConnect [as oncomplete] (node:net:1161:16)

npm manifest: 
  {
    "name": "imersao-react",
    "version": "1.0.0",
    "description": "",
    "main": "index.js",
    "scripts": {
      "test": "echo \"Error: no test specified\" && exit 1",
      "dev": "next dev",
      "build": "next build",
      "start": "next start",
      "lint": "next lint"
    },
    "author": "",
    "license": "ISC",
    "dependencies": {
      "next": "^12.0.8",
      "react": "^17.0.2",
      "react-dom": "^17.0.2"
    }
  }

yarn manifest: 
  No manifest

Lockfile: 
  No lockfile
